<?xml version="1.0" encoding="UTF-8"?>
<testng-results total="1" passed="1" failed="0" skipped="0">
  <reporter-output>
  </reporter-output>
  <suite started-at="2021-02-20T16:28:35Z" name="Suite" finished-at="2021-02-20T16:28:42Z" duration-ms="7411">
    <groups>
      <group name="Smoke">
        <method signature="frst.radiobtn()[pri:0, instance:GithubVerification.gitvfy_art.frst@479cbee5]" name="radiobtn" class="GithubVerification.gitvfy_art.frst"/>
      </group> <!-- Smoke -->
    </groups>
    <test started-at="2021-02-20T16:28:35Z" name="Test" finished-at="2021-02-20T16:28:42Z" duration-ms="7411">
      <class name="GithubVerification.gitvfy_art.frst">
        <test-method is-config="true" signature="test()[pri:0, instance:GithubVerification.gitvfy_art.frst@479cbee5]" started-at="2021-02-20T21:58:35Z" name="test" finished-at="2021-02-20T21:58:41Z" duration-ms="6344" status="PASS">
          <reporter-output>
          </reporter-output>
        </test-method> <!-- test -->
        <test-method signature="radiobtn()[pri:0, instance:GithubVerification.gitvfy_art.frst@479cbee5]" started-at="2021-02-20T21:58:41Z" name="radiobtn" finished-at="2021-02-20T21:58:41Z" duration-ms="207" status="PASS">
          <reporter-output>
          </reporter-output>
        </test-method> <!-- radiobtn -->
        <test-method is-config="true" signature="tearDown()[pri:0, instance:GithubVerification.gitvfy_art.frst@479cbee5]" started-at="2021-02-20T21:58:41Z" name="tearDown" finished-at="2021-02-20T21:58:42Z" duration-ms="843" status="PASS">
          <reporter-output>
          </reporter-output>
        </test-method> <!-- tearDown -->
      </class> <!-- GithubVerification.gitvfy_art.frst -->
    </test> <!-- Test -->
  </suite> <!-- Suite -->
</testng-results>
